21
12
21
9
21
9
21
6
24
6
6
15
15
12
12
21
21
24
9
21
12
9
12
21
9
18
21
9
21
9
21
12
21
6
9
12
24
9
9
9
21
9
9
18
12
3
12
12
6
33
12
3
12
12
9
6
12
27
6
21
12
12
12
12
12
12
12
12
12
12
12
6
9
6
9
9
15
12
15
9
9
21
6
21
6
21
6
21
21
6
21
6
12
12
6
36
21
9
12
21
6
18
21
21
15
36
18
21
6
3
12
3
3
3
12
12
12
9
24
15
9
6
21
6
21
6
6
6
15
6
21
9
15
15
12
12
12
15
12
12
15
6
6
12
12
21
12
12
21
6
6
12
12
12
6
12
12
15
12
9
27
27
27
27
27
12
12
6
6
6
6
3
6
6
18
9
6
30
30
6
12
12
15
27
12
12
21
6
15
9
72
12
6
9
12
12
18
