分隊Ｃロッテ１	チャーリーワン	7	14
報告しろ	ＥＮＱ	4	6
分隊Ｃロッテ１	チャーリーワン	7	14
どうぞ	LF	3	4
分隊Ｃロッテ２	チャーリーツー	7	14
どうだ	ＥＮＱ	3	6
分隊Ｇロッテ１	ゴルフワン	7	10
無料	ロハ	2	4
１０／８０Ａｄｖ	テンパチ	8	8
弾丸	タマ	2	4
金玉	タマ	2	4
トンファー	棒切れ	5	6
アホームド	アホの角刈り	5	12
派遣傭兵	エフェメラル	4	12
正規傭兵	プロパー	4	8
分隊Ｇロッテ１	ゴルフワン	7	10
分隊Ｃロッテ２	チャーリーツー	7	14
ピースキーパーズ	クソＰＫ達	8	10
口喧嘩	戦闘	3	4
分隊Ａロッテ１	アルファワン	7	12
どう思う	ＥＮＱ	4	6
どうぞ	ＣＲ／ＬＦ	3	10
戦闘興行	番組	4	4
分隊Ｂロッテ１	ブラヴォーワン	7	14
ＶＯＸ	カニ	3	4
却ッッッ下だ	ＮＡＫ	6	6
分隊Ｂロッテ２	ブラヴォーツー	7	14
却下だ	ＮＡＫ	3	6
分隊Ｂロッテ２	リンナ	7	6
どうか	ＥＮＱ	3	6
分隊Ａロッテ２	アルファツー	7	12
同意する	ＡＣＫ	4	6
分隊Ａロッテ１	アルファワン	7	12
了解	ＡＣＫ	2	6
へーい	ＡＣＫ	3	6
妥当だな	ＡＣＫ	4	6
おい、アレックス	ＥＮＱ	8	6
リンナ	僚機	3	4
なんだ	ＡＣＫ	3	6
何だよ	ＥＮＱ	3	6
ガラヤカ機ペア	フォックストロット	7	18
狐狩り	興行	3	4
普通の	人工	3	4
人工コーヒー	コーヒー風飲料	6	14
与信確認	オーソリ	4	8
体	テイ	1	4
埋設機器	インプラント	4	12
情報窃取	スリ	4	4
情報	もの	2	4
両腕とも武器がついてる	フルスペック	11	12
派遣傭兵	エフェメラル	4	12
頭	ヘッド	1	6
情報窃取	スリ	4	4
派遣傭兵	エフェメラル	4	12
好事家	変態	3	4
相方	ロッテ	2	6
情報窃取	スリ	4	4
変態的なフォルムの	コケティッシュな	9	16
戦闘	ゲーム	2	6
神のいない宗教	変動価値市場	7	12
玩具人格	ドール	4	6
玩具人格	ドール	4	6
人工素体	ナーサリー	4	10
玩具人格	ドール	4	6
玩具人格	ドール	4	6
上位階級	アッパー	4	8
玩具人格	ドール	4	6
玩具人格	ドール	4	6
玩具人格	ドール	4	6
玩具人格	ドール	4	6
玩具人格	ドール	4	6
製造	デザイン	2	8
操縦桿	レバー	3	6
肝臓	レバー	2	6
信用払	クレジット	3	10
リンナ	こいつ	3	6
戦争出資者	ゲームマスター	5	14
玩具人格	ドール	4	6
戦争出資者	ゲームマスター	5	14
どうぞ	ＡＣＫ	3	6
分隊Ｂ	ブラヴォー	3	10
分隊Ｂロッテ１	ブラヴォーワン	7	14
了解	ＥＮＱ	2	6
分隊Ｂロッテ２	ブラヴォーツー	7	14
了解	ＥＮＱ	2	6
分隊Ｃロッテ１	チャーリーワン	7	14
動け	ＣＲ／ＬＦ	2	10
分隊Ｂロッテ２	ブラヴォーツー	7	14
分隊Ｂロッテ１	ブラヴォーワン	7	14
送れ	ＥＮＱ	2	6
分隊Ｂロッテ２	ブラヴォーツー	7	14
了解	ＡＣＫ	2	6
光学兵器	商品	4	4
玩具人格	ドール	4	6
高地	そこ	2	4
ツインリンクできていない	ロッテがいない	12	14
分隊Ｂロッテ１	ブラヴォーワン	7	14
分隊Ａ	アルファ	3	8
応答願う	ＥＮＱ	4	6
分隊Ａロッテ１	アルファワン	7	12
送れ	ＡＣＫ	2	6
仕掛けるか？	ＥＮＱ	6	6
分隊Ｂロッテ１	ブラヴォーワン	7	14
分隊Ｃロッテ２	チャーリーツー	7	14
ふざけろよ	ＥＮＱ	5	6
キネティック弾頭類の洗礼	ミサイル・パーティ	12	18
アファームド	こいつ	6	6
分隊Ｂロッテ１	ブラヴォーワン	7	14
ＦＦ	フレンドリーファイア	2	20
吐	づ	1	2
ミサイル	女神	4	4
囮	ヘイト	1	6
私	エンジェラン	1	12
法	のっと	1	6
人工素体	商品	4	4
玩具人格	ドール	4	6
戦争局面	ラウンド	4	8
リンナ	慰撫	3	4
アファームドＴＤ	俺	8	2
戦争出資者	ゲームマスター	5	14
抑止力	暴力	3	4
慰撫	リンナ	2	6
分隊Ａロッテ１	アルファワン	7	12
局面	ラウンド	2	8
分隊Ａロッテ２	アルファツー	7	12
局面	ラウンド	2	8
局面	ラウンド	2	8
局面	ラウンド	2	8
理想や正義	情報商材	5	8
戦局	ラウンド	2	8
分隊Ｂロッテ１	ブラヴォーワン	7	14
どうぞ	ＥＮＱ	3	6
あ、姉貴？	フレンドリー	5	12
戦争出資者	ゲームマスター	5	14
玩具人格	ドール	4	6
玩具人格	ドール	4	6
玩具人格	ドール	4	6
戦争出資者	ゲームマスター	5	14
玩具人格	ドール	4	6
派遣傭兵	エフェメラル	4	12
高みの見物	舐めプ	5	6
私達	ドール	2	6
映像	エサ	2	4
戦闘局面	ステージ	4	8
玩具人格	ドール	4	6
カードＡＩ僚機	ネームド	7	8
派遣傭兵	エフェメラル	4	12
玩具人格	ドール	4	6
天使様を駆る人	エンジェラン乗り	7	16
戦局	ラウンド	2	8
戦局	ラウンド	2	8
正規傭兵	プロパー	4	8
正規傭兵	プロパー	4	8
正規傭兵	プロパー	4	8
殊勝	バカ	2	4
正規傭兵	プロパー	4	8
アンテナ	角	4	2
戦争出資者	ゲームマスター	5	14
玩具人格	ドール	4	6
化け猫	ヤガランデ	3	10
時空因果律制御機構	タングラム	9	10
時空因果律制御機構	タングラム	9	10
時空因果律制御機構	タングラム	9	10
時空因果律制御機構	タングラム	9	10
時空因果律制御機構	タングラム	9	10
僚機伴侶	ロッテ	4	6
玩具人格	ドール	4	6
概念	クラス	2	6
精神	ココロ	2	6
恨み	やつ	2	4
感情	怨恨	2	4
的	まと	1	4
商品	こいつ	2	6
局面	ラウンド	2	8
降下ブースト	ジャンプキャンセル	6	18
ロッテ	僚機	3	4
蒸発	死	2	2
距離を詰めながら氷弾	前ビ	10	4
羽ばたく翼の付いた卵	オパオパ	10	8
慰撫	こいつ	2	6
人工素体	狐	4	2
玩具人格	ドール	4	6
ヤガランデ	この子	5	6
お姉ちゃんのコピー	それ	9	4
派遣傭兵	エフェメラル	4	12
玩具人格	ドール	4	6
美少女ヒロイン	女神様	7	6
偶像	アイドル	2	8
宗教的熱狂	ファナティック	5	14
文字列	ＩＤ	3	4
電脳虚数空間との境界上に横たわる人間概念の具象体	真のバーチャロイド	24	18
玩具人格	ドール	4	6
意志	破壊	2	4
永住権	ゲストアカウント	3	16
玩具人格	ドール	4	6
上級市民	アッパー	4	8
並行分岐宇端	ブレーン	6	8
１０／８０Ａｄｖ	テンパチ	8	8
ＦＦ	フレンドリーファイア	2	20
ＶＯＸ	カニ	3	4
アファームドＴＤ	俺	8	2
アファームド	こいつ	6	6
アホームド	アホの角刈り	5	12
アンテナ	角	4	2
あ、姉貴？	フレンドリー	5	12
おい、アレックス	ＥＮＱ	8	6
お姉ちゃんのコピー	それ	9	4
カードＡＩ僚機	ネームド	7	8
ガラヤカ機ペア	フォックストロット	7	18
キネティック弾頭類の洗礼	ミサイル・パーティ	12	18
ツインリンクできていない	ロッテがいない	12	14
どうか	ＥＮＱ	3	6
どうぞ	ＡＣＫ	3	6
どうぞ	ＣＲ／ＬＦ	3	10
どうぞ	ＥＮＱ	3	6
どうぞ	LF	3	4
どうだ	ＥＮＱ	3	6
どう思う	ＥＮＱ	4	6
トンファー	棒切れ	5	6
なんだ	ＡＣＫ	3	6
ピースキーパーズ	クソＰＫ達	8	10
ふざけろよ	ＥＮＱ	5	6
へーい	ＡＣＫ	3	6
ミサイル	女神	4	4
ヤガランデ	この子	5	6
リンナ	こいつ	3	6
リンナ	僚機	3	4
リンナ	慰撫	3	4
ロッテ	僚機	3	4
上位階級	アッパー	4	8
上級市民	アッパー	4	8
与信確認	オーソリ	4	8
両腕とも武器がついてる	フルスペック	11	12
並行分岐宇端	ブレーン	6	8
了解	ＡＣＫ	2	6
了解	ＥＮＱ	2	6
人工コーヒー	コーヒー風飲料	6	14
人工素体	ナーサリー	4	10
人工素体	商品	4	4
人工素体	狐	4	2
仕掛けるか？	ＥＮＱ	6	6
体	テイ	1	4
何だよ	ＥＮＱ	3	6
信用払	クレジット	3	10
偶像	アイドル	2	8
僚機伴侶	ロッテ	4	6
光学兵器	商品	4	4
分隊Ａ	アルファ	3	8
分隊Ａロッテ１	アルファワン	7	12
分隊Ａロッテ２	アルファツー	7	12
分隊Ｂ	ブラヴォー	3	10
分隊Ｂロッテ１	ブラヴォーワン	7	14
分隊Ｂロッテ２	ブラヴォーツー	7	14
分隊Ｂロッテ２	リンナ	7	6
分隊Ｃロッテ１	チャーリーワン	7	14
分隊Ｃロッテ２	チャーリーツー	7	14
分隊Ｇロッテ１	ゴルフワン	7	10
動け	ＣＲ／ＬＦ	2	10
化け猫	ヤガランデ	3	10
却ッッッ下だ	ＮＡＫ	6	6
却下だ	ＮＡＫ	3	6
口喧嘩	戦闘	3	4
同意する	ＡＣＫ	4	6
吐	づ	1	2
商品	こいつ	2	6
囮	ヘイト	1	6
埋設機器	インプラント	4	12
報告しろ	ＥＮＱ	4	6
変態的なフォルムの	コケティッシュな	9	16
天使様を駆る人	エンジェラン乗り	7	16
好事家	変態	3	4
妥当だな	ＡＣＫ	4	6
宗教的熱狂	ファナティック	5	14
局面	ラウンド	2	8
弾丸	タマ	2	4
応答願う	ＥＮＱ	4	6
恨み	やつ	2	4
情報	もの	2	4
情報窃取	スリ	4	4
意志	破壊	2	4
感情	怨恨	2	4
慰撫	こいつ	2	6
慰撫	リンナ	2	6
戦争出資者	ゲームマスター	5	14
戦争局面	ラウンド	4	8
戦局	ラウンド	2	8
戦闘	ゲーム	2	6
戦闘局面	ステージ	4	8
戦闘興行	番組	4	4
抑止力	暴力	3	4
操縦桿	レバー	3	6
文字列	ＩＤ	3	4
映像	エサ	2	4
時空因果律制御機構	タングラム	9	10
普通の	人工	3	4
概念	クラス	2	6
正規傭兵	プロパー	4	8
殊勝	バカ	2	4
永住権	ゲストアカウント	3	16
法	のっと	1	6
派遣傭兵	エフェメラル	4	12
無料	ロハ	2	4
狐狩り	興行	3	4
玩具人格	ドール	4	6
理想や正義	情報商材	5	8
的	まと	1	4
相方	ロッテ	2	6
神のいない宗教	変動価値市場	7	12
私	エンジェラン	1	12
私達	ドール	2	6
精神	ココロ	2	6
美少女ヒロイン	女神様	7	6
羽ばたく翼の付いた卵	オパオパ	10	8
肝臓	レバー	2	6
蒸発	死	2	2
製造	デザイン	2	8
距離を詰めながら氷弾	前ビ	10	4
送れ	ＡＣＫ	2	6
送れ	ＥＮＱ	2	6
金玉	タマ	2	4
降下ブースト	ジャンプキャンセル	6	18
電脳虚数空間との境界上に横たわる人間概念の具象体	真のバーチャロイド	24	18
頭	ヘッド	1	6
高みの見物	舐めプ	5	6
高地	そこ	2	4
