分隊Ｃロッテ１	チャーリーワン
報告しろ	ＥＮＱ
分隊Ｃロッテ１	チャーリーワン
どうぞ	LF
分隊Ｃロッテ２	チャーリーツー
どうだ	ＥＮＱ
分隊Ｇロッテ１	ゴルフワン
無料	ロハ
１０／８０Ａｄｖ	テンパチ
弾丸	タマ
金玉	タマ
トンファー	棒切れ
アホームド	アホの角刈り
派遣傭兵	エフェメラル
正規傭兵	プロパー
分隊Ｇロッテ１	ゴルフワン
分隊Ｃロッテ２	チャーリーツー
ピースキーパーズ	クソＰＫ達
口喧嘩	戦闘
分隊Ａロッテ１	アルファワン
どう思う	ＥＮＱ
どうぞ	ＣＲ／ＬＦ
戦闘興行	番組
分隊Ｂロッテ１	ブラヴォーワン
ＶＯＸ	カニ
却ッッッ下だ	ＮＡＫ
分隊Ｂロッテ２	ブラヴォーツー
却下だ	ＮＡＫ
分隊Ｂロッテ２	リンナ
どうか	ＥＮＱ
分隊Ａロッテ２	アルファツー
同意する	ＡＣＫ
分隊Ａロッテ１	アルファワン
了解	ＡＣＫ
へーい	ＡＣＫ
妥当だな	ＡＣＫ
おい、アレックス	ＥＮＱ
リンナ	僚機
なんだ	ＡＣＫ
何だよ	ＥＮＱ
ガラヤカ機ペア	フォックストロット
狐狩り	興行
普通の	人工
人工コーヒー	コーヒー風飲料
与信確認	オーソリ
体	テイ
埋設機器	インプラント
情報窃取	スリ
情報	もの
両腕とも武器がついてる	フルスペック
派遣傭兵	エフェメラル
頭	ヘッド
情報窃取	スリ
派遣傭兵	エフェメラル
好事家	変態
相方	ロッテ
情報窃取	スリ
変態的なフォルムの	コケティッシュな
戦闘	ゲーム
神のいない宗教	変動価値市場
玩具人格	ドール
玩具人格	ドール
人工素体	ナーサリー
玩具人格	ドール
玩具人格	ドール
上位階級	アッパー
玩具人格	ドール
玩具人格	ドール
玩具人格	ドール
玩具人格	ドール
玩具人格	ドール
製造	デザイン
操縦桿	レバー
肝臓	レバー
信用払	クレジット
リンナ	こいつ
戦争出資者	ゲームマスター
玩具人格	ドール
戦争出資者	ゲームマスター
どうぞ	ＡＣＫ
分隊Ｂ	ブラヴォー
分隊Ｂロッテ１	ブラヴォーワン
了解	ＥＮＱ
分隊Ｂロッテ２	ブラヴォーツー
了解	ＥＮＱ
分隊Ｃロッテ１	チャーリーワン
動け	ＣＲ／ＬＦ
分隊Ｂロッテ２	ブラヴォーツー
分隊Ｂロッテ１	ブラヴォーワン
送れ	ＥＮＱ
分隊Ｂロッテ２	ブラヴォーツー
了解	ＡＣＫ
光学兵器	商品
玩具人格	ドール
高地	そこ
ツインリンクできていない	ロッテがいない
分隊Ｂロッテ１	ブラヴォーワン
分隊Ａ	アルファ
応答願う	ＥＮＱ
分隊Ａロッテ１	アルファワン
送れ	ＡＣＫ
仕掛けるか？	ＥＮＱ
分隊Ｂロッテ１	ブラヴォーワン
分隊Ｃロッテ２	チャーリーツー
ふざけろよ	ＥＮＱ
キネティック弾頭類の洗礼	ミサイル・パーティ
アファームド	こいつ
分隊Ｂロッテ１	ブラヴォーワン
ＦＦ	フレンドリーファイア
吐	づ
ミサイル	女神
囮	ヘイト
私	エンジェラン
法	のっと
人工素体	商品
玩具人格	ドール
戦争局面	ラウンド
リンナ	慰撫
アファームドＴＤ	俺
戦争出資者	ゲームマスター
抑止力	暴力
慰撫	リンナ
分隊Ａロッテ１	アルファワン
局面	ラウンド
分隊Ａロッテ２	アルファツー
局面	ラウンド
局面	ラウンド
局面	ラウンド
理想や正義	情報商材
戦局	ラウンド
分隊Ｂロッテ１	ブラヴォーワン
どうぞ	ＥＮＱ
あ、姉貴？	フレンドリー
戦争出資者	ゲームマスター
玩具人格	ドール
玩具人格	ドール
玩具人格	ドール
戦争出資者	ゲームマスター
玩具人格	ドール
派遣傭兵	エフェメラル
高みの見物	舐めプ
私達	ドール
映像	エサ
戦闘局面	ステージ
玩具人格	ドール
カードＡＩ僚機	ネームド
派遣傭兵	エフェメラル
玩具人格	ドール
天使様を駆る人	エンジェラン乗り
戦局	ラウンド
戦局	ラウンド
正規傭兵	プロパー
正規傭兵	プロパー
正規傭兵	プロパー
殊勝	バカ
正規傭兵	プロパー
アンテナ	角
戦争出資者	ゲームマスター
玩具人格	ドール
化け猫	ヤガランデ
時空因果律制御機構	タングラム
時空因果律制御機構	タングラム
時空因果律制御機構	タングラム
時空因果律制御機構	タングラム
時空因果律制御機構	タングラム
僚機伴侶	ロッテ
玩具人格	ドール
概念	クラス
精神	ココロ
恨み	やつ
感情	怨恨
的	まと
商品	こいつ
局面	ラウンド
降下ブースト	ジャンプキャンセル
ロッテ	僚機
蒸発	死
距離を詰めながら氷弾	前ビ
羽ばたく翼の付いた卵	オパオパ
慰撫	こいつ
人工素体	狐
玩具人格	ドール
ヤガランデ	この子
お姉ちゃんのコピー	それ
派遣傭兵	エフェメラル
玩具人格	ドール
美少女ヒロイン	女神様
偶像	アイドル
宗教的熱狂	ファナティック
文字列	ＩＤ
電脳虚数空間との境界上に横たわる人間概念の具象体	真のバーチャロイド
玩具人格	ドール
意志	破壊
永住権	ゲストアカウント
玩具人格	ドール
上級市民	アッパー
並行分岐宇端	ブレーン
